c:\users\diana\desktop\vfs\term3\c++\c-_wheelofnames_enginex\enginexforstudent\outgame\vc143.pdb
c:\users\diana\desktop\vfs\term3\c++\c-_wheelofnames_enginex\enginexforstudent\outgame\vc143.idb
c:\users\diana\desktop\vfs\term3\c++\c-_wheelofnames_enginex\enginexforstudent\outgame\physicssystem.obj
c:\users\diana\desktop\vfs\term3\c++\c-_wheelofnames_enginex\enginexforstudent\outgame\line.obj
c:\users\diana\desktop\vfs\term3\c++\c-_wheelofnames_enginex\enginexforstudent\outgame\linerendercomponent.obj
c:\users\diana\desktop\vfs\term3\c++\c-_wheelofnames_enginex\enginexforstudent\outgame\box.obj
c:\users\diana\desktop\vfs\term3\c++\c-_wheelofnames_enginex\enginexforstudent\outgame\rendersystem.obj
c:\users\diana\desktop\vfs\term3\c++\c-_wheelofnames_enginex\enginexforstudent\outgame\physicscomponent.obj
c:\users\diana\desktop\vfs\term3\c++\c-_wheelofnames_enginex\enginexforstudent\outgame\circlerendercomponent.obj
c:\users\diana\desktop\vfs\term3\c++\c-_wheelofnames_enginex\enginexforstudent\outgame\rendercomponent.obj
c:\users\diana\desktop\vfs\term3\c++\c-_wheelofnames_enginex\enginexforstudent\outgame\transformcomponent.obj
c:\users\diana\desktop\vfs\term3\c++\c-_wheelofnames_enginex\enginexforstudent\outgame\main.obj
c:\users\diana\desktop\vfs\term3\c++\c-_wheelofnames_enginex\enginexforstudent\outgame\textrenderercomponent.obj
c:\users\diana\desktop\vfs\term3\c++\c-_wheelofnames_enginex\enginexforstudent\outgame\rectanglerendercomponent.obj
c:\users\diana\desktop\vfs\term3\c++\c-_wheelofnames_enginex\enginexforstudent\outgame\circlecollidercomponent.obj
c:\users\diana\desktop\vfs\term3\c++\c-_wheelofnames_enginex\enginexforstudent\outgame\component.obj
c:\users\diana\desktop\vfs\term3\c++\c-_wheelofnames_enginex\enginexforstudent\outgame\hud.obj
c:\users\diana\desktop\vfs\term3\c++\c-_wheelofnames_enginex\enginexforstudent\outgame\ball.obj
c:\users\diana\desktop\vfs\term3\c++\c-_wheelofnames_enginex\enginexforstudent\outgame\actor.obj
c:\users\diana\desktop\vfs\term3\c++\c-_wheelofnames_enginex\enginexforstudent\outgame\textrendercomponent.obj
c:\users\diana\desktop\vfs\term3\c++\c-_wheelofnames_enginex\enginexforstudent\outgame\game.obj
c:\users\diana\desktop\vfs\term3\c++\c-_wheelofnames_enginex\enginexforstudent\outgame\physicscomponent.h.ifc
c:\users\diana\desktop\vfs\term3\c++\c-_wheelofnames_enginex\enginexforstudent\outgame\physicscomponent.h.ifc.d.json
c:\users\diana\desktop\vfs\term3\c++\c-_wheelofnames_enginex\enginexforstudent\outgame\physicscomponent.h.obj
c:\users\diana\desktop\vfs\term3\c++\c-_wheelofnames_enginex\enginexforstudent\outgame\hud.h.ifc
c:\users\diana\desktop\vfs\term3\c++\c-_wheelofnames_enginex\enginexforstudent\outgame\hud.h.ifc.d.json
c:\users\diana\desktop\vfs\term3\c++\c-_wheelofnames_enginex\enginexforstudent\outgame\hud.h.obj
c:\users\diana\desktop\vfs\term3\c++\c-_wheelofnames_enginex\enginexforstudent\build\gameenginexd.exe
c:\users\diana\desktop\vfs\term3\c++\c-_wheelofnames_enginex\enginexforstudent\build\gameenginexd.pdb
c:\users\pg29vi\desktop\pg29kenarigo_aooop_a1\enginexforstudent\outgame\physicscomponent.h.module.json
c:\users\pg29vi\desktop\pg29vitran_aooop_a1\enginexforstudent\outgame\physicscomponent.h.module.json
c:\users\public\repos\c-_wheelofnames_enginex\enginexforstudent\outgame\physicscomponent.h.module.json
c:\users\diana\desktop\vfs\term3\c++\c-_wheelofnames_enginex\enginexforstudent\outgame\physicscomponent.h.module.json
c:\users\diana\desktop\vfs\term3\c++\c-_wheelofnames_enginex\enginexforstudent\outgame\hud.h.module.json
c:\users\diana\desktop\vfs\term3\c++\c-_wheelofnames_enginex\enginexforstudent\outgame\gameenginexd.ilk
c:\users\diana\desktop\vfs\term3\c++\c-_wheelofnames_enginex\enginexforstudent\outgame\gameenginex.tlog\cl.command.1.tlog
c:\users\diana\desktop\vfs\term3\c++\c-_wheelofnames_enginex\enginexforstudent\outgame\gameenginex.tlog\cl.items.tlog
c:\users\diana\desktop\vfs\term3\c++\c-_wheelofnames_enginex\enginexforstudent\outgame\gameenginex.tlog\cl.read.1.tlog
c:\users\diana\desktop\vfs\term3\c++\c-_wheelofnames_enginex\enginexforstudent\outgame\gameenginex.tlog\cl.write.1.tlog
c:\users\diana\desktop\vfs\term3\c++\c-_wheelofnames_enginex\enginexforstudent\outgame\gameenginex.tlog\link.11136-cvtres.read.1.tlog
c:\users\diana\desktop\vfs\term3\c++\c-_wheelofnames_enginex\enginexforstudent\outgame\gameenginex.tlog\link.11136-cvtres.write.1.tlog
c:\users\diana\desktop\vfs\term3\c++\c-_wheelofnames_enginex\enginexforstudent\outgame\gameenginex.tlog\link.11136-rc.read.1.tlog
c:\users\diana\desktop\vfs\term3\c++\c-_wheelofnames_enginex\enginexforstudent\outgame\gameenginex.tlog\link.11136-rc.write.1.tlog
c:\users\diana\desktop\vfs\term3\c++\c-_wheelofnames_enginex\enginexforstudent\outgame\gameenginex.tlog\link.11136.read.1.tlog
c:\users\diana\desktop\vfs\term3\c++\c-_wheelofnames_enginex\enginexforstudent\outgame\gameenginex.tlog\link.11136.write.1.tlog
c:\users\diana\desktop\vfs\term3\c++\c-_wheelofnames_enginex\enginexforstudent\outgame\gameenginex.tlog\link.command.1.tlog
c:\users\diana\desktop\vfs\term3\c++\c-_wheelofnames_enginex\enginexforstudent\outgame\gameenginex.tlog\link.read.1.tlog
c:\users\diana\desktop\vfs\term3\c++\c-_wheelofnames_enginex\enginexforstudent\outgame\gameenginex.tlog\link.secondary.1.tlog
c:\users\diana\desktop\vfs\term3\c++\c-_wheelofnames_enginex\enginexforstudent\outgame\gameenginex.tlog\link.write.1.tlog
c:\users\diana\desktop\vfs\term3\c++\c-_wheelofnames_enginex\enginexforstudent\outgame\gameenginex_md.tlog\cl.command.1.tlog
c:\users\diana\desktop\vfs\term3\c++\c-_wheelofnames_enginex\enginexforstudent\outgame\gameenginex_md.tlog\microsoft.build.cpptasks.cl.read.1.tlog
c:\users\diana\desktop\vfs\term3\c++\c-_wheelofnames_enginex\enginexforstudent\outgame\gameenginex_md.tlog\microsoft.build.cpptasks.cl.write.1.tlog
