  Scanning sources for module dependencies...
  PhysicsComponent.h
  Compiling...
  PhysicsComponent.h
  Actor.cpp
  Ball.cpp
  Component.cpp
  CircleColliderComponent.cpp
  RectangleRenderComponent.cpp
  Game.cpp
  Main.cpp
  TransformComponent.cpp
  RenderComponent.cpp
  CircleRenderComponent.cpp
  PhysicsComponent.cpp
  RenderSystem.cpp
  Box.cpp
  LineRenderComponent.cpp
  Line.cpp
  PhysicsSystem.cpp
  Generating Code...
C:\Users\pg29vi\Desktop\PG29ViTran_AOOOP_a1\EngineXForStudent\Game\Private\Components\CircleColliderComponent.cpp(47,1): warning C4715: 'CircleColliderComponent::IsCollisionDetected': not all control paths return a value
EngineXd.lib(Engine.obj) : warning LNK4099: PDB 'EngineX.pdb' was not found with 'EngineXd.lib(Engine.obj)' or at 'C:\Users\pg29vi\Desktop\PG29ViTran_AOOOP_a1\EngineXForStudent\Build\EngineX.pdb'; linking object as if no debug info
EngineXd.lib(RenderPacket.obj) : warning LNK4099: PDB 'EngineX.pdb' was not found with 'EngineXd.lib(RenderPacket.obj)' or at 'C:\Users\pg29vi\Desktop\PG29ViTran_AOOOP_a1\EngineXForStudent\Build\EngineX.pdb'; linking object as if no debug info
EngineXd.lib(System.obj) : warning LNK4099: PDB 'EngineX.pdb' was not found with 'EngineXd.lib(System.obj)' or at 'C:\Users\pg29vi\Desktop\PG29ViTran_AOOOP_a1\EngineXForStudent\Build\EngineX.pdb'; linking object as if no debug info
  GameEngineX.vcxproj -> C:\Users\pg29vi\Desktop\PG29ViTran_AOOOP_a1\EngineXForStudent\Build\GameEngineXd.exe
